<?xml version="1.0" encoding="UTF-8"?>
<coverage generated="1554299438648" clover="3.2.0">
  <project timestamp="1554299438649" name="All files">
    <metrics statements="9" coveredstatements="0" conditionals="0" coveredconditionals="0" methods="6" coveredmethods="0" elements="15" coveredelements="0" complexity="0" loc="9" ncloc="9" packages="1" files="2" classes="2"/>
    <file name="pageLoader.js" path="/home/lexx/jscode/proj-three/src/pageLoader.js">
      <metrics statements="5" coveredstatements="0" conditionals="0" coveredconditionals="0" methods="5" coveredmethods="0"/>
      <line num="7" count="0" type="stmt"/>
      <line num="8" count="0" type="stmt"/>
      <line num="9" count="0" type="stmt"/>
      <line num="10" count="0" type="stmt"/>
      <line num="11" count="0" type="stmt"/>
    </file>
    <file name="utils.js" path="/home/lexx/jscode/proj-three/src/utils.js">
      <metrics statements="4" coveredstatements="0" conditionals="0" coveredconditionals="0" methods="1" coveredmethods="0"/>
      <line num="5" count="0" type="stmt"/>
      <line num="6" count="0" type="stmt"/>
      <line num="10" count="0" type="stmt"/>
      <line num="11" count="0" type="stmt"/>
    </file>
  </project>
</coverage>
