{"/home/lexx/jscode/proj-three/src/pageLoader.js": {"path":"/home/lexx/jscode/proj-three/src/pageLoader.js","statementMap":{"0":{"start":{"line":7,"column":26},"end":{"line":7,"column":54}},"1":{"start":{"line":8,"column":2},"end":{"line":12,"column":5}},"2":{"start":{"line":9,"column":4},"end":{"line":11,"column":55}},"3":{"start":{"line":9,"column":58},"end":{"line":9,"column":60}},"4":{"start":{"line":10,"column":18},"end":{"line":10,"column":59}},"5":{"start":{"line":11,"column":21},"end":{"line":11,"column":52}}},"fnMap":{"0":{"name":"(anonymous_0)","decl":{"start":{"line":6,"column":15},"end":{"line":6,"column":16}},"loc":{"start":{"line":6,"column":34},"end":{"line":13,"column":1}},"line":6},"1":{"name":"(anonymous_1)","decl":{"start":{"line":8,"column":30},"end":{"line":8,"column":31}},"loc":{"start":{"line":8,"column":44},"end":{"line":12,"column":3}},"line":8},"2":{"name":"(anonymous_2)","decl":{"start":{"line":9,"column":53},"end":{"line":9,"column":54}},"loc":{"start":{"line":9,"column":58},"end":{"line":9,"column":60}},"line":9},"3":{"name":"(anonymous_3)","decl":{"start":{"line":10,"column":12},"end":{"line":10,"column":13}},"loc":{"start":{"line":10,"column":18},"end":{"line":10,"column":59}},"line":10},"4":{"name":"(anonymous_4)","decl":{"start":{"line":11,"column":13},"end":{"line":11,"column":14}},"loc":{"start":{"line":11,"column":21},"end":{"line":11,"column":52}},"line":11}},"branchMap":{},"s":{"0":0,"1":0,"2":0,"3":0,"4":0,"5":0},"f":{"0":0,"1":0,"2":0,"3":0,"4":0},"b":{},"_coverageSchema":"43e27e138ebf9cfc5966b082cf9a028302ed4184","hash":"c6959603efedd932d58777e735e831ce6140f0b5"}
,"/home/lexx/jscode/proj-three/src/utils.js": {"path":"/home/lexx/jscode/proj-three/src/utils.js","statementMap":{"0":{"start":{"line":5,"column":33},"end":{"line":5,"column":48}},"1":{"start":{"line":6,"column":19},"end":{"line":9,"column":20}},"2":{"start":{"line":10,"column":19},"end":{"line":10,"column":59}},"3":{"start":{"line":11,"column":2},"end":{"line":11,"column":18}}},"fnMap":{"0":{"name":"(anonymous_0)","decl":{"start":{"line":4,"column":15},"end":{"line":4,"column":16}},"loc":{"start":{"line":4,"column":34},"end":{"line":12,"column":1}},"line":4}},"branchMap":{},"s":{"0":0,"1":0,"2":0,"3":0},"f":{"0":0},"b":{},"_coverageSchema":"43e27e138ebf9cfc5966b082cf9a028302ed4184","hash":"8d58841ed254e598f3841716b2ab1f002bc36301"}
}
